<?xml version="1.0" encoding="UTF-8"?>
<testsuite name="hello.item_service.domain.item.ItemRepositoryTest" tests="2" skipped="0" failures="0" errors="0" timestamp="2024-11-04T16:35:42" hostname="donghas-MacBook-Air.local" time="0.027">
  <properties/>
  <testcase name="updateItem()" classname="hello.item_service.domain.item.ItemRepositoryTest" time="0.026"/>
  <testcase name="save()" classname="hello.item_service.domain.item.ItemRepositoryTest" time="0.0"/>
  <system-out><![CDATA[]]></system-out>
  <system-err><![CDATA[]]></system-err>
</testsuite>
